2025-12-31T01:46:56.264+05:30  INFO 26384 --- [bank] [main] com.example.bank.BankApplication         : Starting BankApplication using Java 21.0.2 with PID 26384 (D:\bank\target\classes started by dpuru in D:\bank)
2025-12-31T01:46:56.274+05:30  INFO 26384 --- [bank] [main] com.example.bank.BankApplication         : No active profile set, falling back to 1 default profile: "default"
2025-12-31T01:46:57.465+05:30  INFO 26384 --- [bank] [main] .s.d.r.c.RepositoryConfigurationDelegate : Bootstrapping Spring Data JDBC repositories in DEFAULT mode.
2025-12-31T01:46:57.507+05:30  INFO 26384 --- [bank] [main] .s.d.r.c.RepositoryConfigurationDelegate : Finished Spring Data repository scanning in 27 ms. Found 0 JDBC repository interfaces.
2025-12-31T01:46:58.209+05:30  INFO 26384 --- [bank] [main] o.s.boot.tomcat.TomcatWebServer          : Tomcat initialized with port 8080 (http)
2025-12-31T01:46:58.228+05:30  INFO 26384 --- [bank] [main] o.apache.catalina.core.StandardService   : Starting service [Tomcat]
2025-12-31T01:46:58.229+05:30  INFO 26384 --- [bank] [main] o.apache.catalina.core.StandardEngine    : Starting Servlet engine: [Apache Tomcat/11.0.15]
2025-12-31T01:46:58.295+05:30  INFO 26384 --- [bank] [main] b.w.c.s.WebApplicationContextInitializer : Root WebApplicationContext: initialization completed in 1893 ms
2025-12-31T01:46:58.727+05:30  INFO 26384 --- [bank] [main] o.s.b.w.a.WelcomePageHandlerMapping      : Adding welcome page: class path resource [static/index.html]
2025-12-31T01:46:59.096+05:30  INFO 26384 --- [bank] [main] com.zaxxer.hikari.HikariDataSource       : HikariPool-1 - Starting...
2025-12-31T01:46:59.753+05:30  INFO 26384 --- [bank] [main] com.zaxxer.hikari.pool.HikariPool        : HikariPool-1 - Added connection com.mysql.cj.jdbc.ConnectionImpl@46a8c2b4
2025-12-31T01:46:59.757+05:30  INFO 26384 --- [bank] [main] com.zaxxer.hikari.HikariDataSource       : HikariPool-1 - Start completed.
2025-12-31T01:47:00.023+05:30  INFO 26384 --- [bank] [main] o.s.boot.tomcat.TomcatWebServer          : Tomcat started on port 8080 (http) with context path '/'
2025-12-31T01:47:00.039+05:30  INFO 26384 --- [bank] [main] com.example.bank.BankApplication         : Started BankApplication in 4.936 seconds (process running for 5.902)
2025-12-31T01:47:14.067+05:30  INFO 26384 --- [bank] [http-nio-8080-exec-1] o.a.c.c.C.[Tomcat].[localhost].[/]       : Initializing Spring DispatcherServlet 'dispatcherServlet'
2025-12-31T01:47:14.068+05:30  INFO 26384 --- [bank] [http-nio-8080-exec-1] o.s.web.servlet.DispatcherServlet        : Initializing Servlet 'dispatcherServlet'
2025-12-31T01:47:14.073+05:30  INFO 26384 --- [bank] [http-nio-8080-exec-1] o.s.web.servlet.DispatcherServlet        : Completed initialization in 3 ms
2025-12-31T01:47:31.528+05:30  INFO 26384 --- [bank] [http-nio-8080-exec-2] com.example.bank.service.BankService     : Creating account 
2025-12-31T01:47:31.599+05:30  INFO 26384 --- [bank] [http-nio-8080-exec-2] com.example.bank.service.BankService     : Account created successfully. 
2025-12-31T01:49:55.042+05:30  INFO 26384 --- [bank] [SpringApplicationShutdownHook] o.s.boot.tomcat.GracefulShutdown         : Commencing graceful shutdown. Waiting for active requests to complete
2025-12-31T01:49:55.057+05:30  INFO 26384 --- [bank] [tomcat-shutdown] o.s.boot.tomcat.GracefulShutdown         : Graceful shutdown complete
2025-12-31T01:49:55.066+05:30  INFO 26384 --- [bank] [SpringApplicationShutdownHook] com.zaxxer.hikari.HikariDataSource       : HikariPool-1 - Shutdown initiated...
2025-12-31T01:49:55.095+05:30  INFO 26384 --- [bank] [SpringApplicationShutdownHook] com.zaxxer.hikari.HikariDataSource       : HikariPool-1 - Shutdown completed.
